<?xml version="1.0" encoding="UTF-8"?>
<!-- Generated by org.testng.reporters.JUnitReportReporter -->
<testsuite hostname="NODE124" name="com.project.selenium.tests.IRCTCTEST" tests="1" failures="0" timestamp="20 Oct 2016 06:02:52 GMT" time="51.804" errors="0">
  <testcase name="testIRCTC" time="51.804" classname="com.project.selenium.tests.IRCTCTEST"/>
</testsuite> <!-- com.project.selenium.tests.IRCTCTEST -->
